This file contains any messages produced by compilers while
running configure, to aid debugging if configure makes a mistake.

It was created by OpenPraparat configure 0.1, which was
generated by GNU Autoconf 2.71.  Invocation command line was

  $ ./configure

## --------- ##
## Platform. ##
## --------- ##

hostname = nodokaha-nixos
uname -m = x86_64
uname -r = 5.15.97
uname -s = Linux
uname -v = #1-NixOS SMP Fri Mar 3 10:45:54 UTC 2023

/usr/bin/uname -p = unknown
/bin/uname -X     = unknown

/bin/arch              = unknown
/usr/bin/arch -k       = unknown
/usr/convex/getsysinfo = unknown
/usr/bin/hostinfo      = unknown
/bin/machine           = unknown
/usr/bin/oslevel       = unknown
/bin/universe          = unknown

PATH: /run/wrappers/bin/
PATH: /home/nodokaha/.local/share/flatpak/exports/bin/
PATH: /var/lib/flatpak/exports/bin/
PATH: /home/nodokaha/.nix-profile/bin/
PATH: /etc/profiles/per-user/nodokaha/bin/
PATH: /nix/var/nix/profiles/default/bin/
PATH: /run/current-system/sw/bin/


## ----------- ##
## Core tests. ##
## ----------- ##

configure:2897: looking for aux files: config.guess config.sub missing install-sh compile
configure:2910:  trying ./
configure:2939:   ./config.guess found
configure:2939:   ./config.sub found
configure:2939:   ./missing found
configure:2921:   ./install-sh found
configure:2939:   ./compile found
configure:3124: checking for g++
configure:3145: found /run/current-system/sw/bin/g++
configure:3156: result: g++
configure:3183: checking for C++ compiler version
configure:3192: g++ --version >&5
g++ (GCC) 11.3.0
Copyright (C) 2021 Free Software Foundation, Inc.
This is free software; see the source for copying conditions.  There is NO
warranty; not even for MERCHANTABILITY or FITNESS FOR A PARTICULAR PURPOSE.

configure:3203: $? = 0
configure:3192: g++ -v >&5
Using built-in specs.
COLLECT_GCC=/nix/store/qm03mh5x2j4ls0y80y8h3zsyj4hb52w2-gcc-11.3.0/bin/g++
COLLECT_LTO_WRAPPER=/nix/store/qm03mh5x2j4ls0y80y8h3zsyj4hb52w2-gcc-11.3.0/libexec/gcc/x86_64-unknown-linux-gnu/11.3.0/lto-wrapper
Target: x86_64-unknown-linux-gnu
Configured with: 
Thread model: posix
Supported LTO compression algorithms: zlib
gcc version 11.3.0 (GCC) 
configure:3203: $? = 0
configure:3192: g++ -V >&5
g++: error: unrecognized command-line option '-V'
g++: fatal error: no input files
compilation terminated.
configure:3203: $? = 1
configure:3192: g++ -qversion >&5
g++: error: unrecognized command-line option '-qversion'; did you mean '--version'?
g++: fatal error: no input files
compilation terminated.
configure:3203: $? = 1
configure:3223: checking whether the C++ compiler works
configure:3245: g++    conftest.cpp  >&5
configure:3249: $? = 0
configure:3299: result: yes
configure:3302: checking for C++ compiler default output file name
configure:3304: result: a.out
configure:3310: checking for suffix of executables
configure:3317: g++ -o conftest    conftest.cpp  >&5
configure:3321: $? = 0
configure:3344: result: 
configure:3366: checking whether we are cross compiling
configure:3374: g++ -o conftest    conftest.cpp  >&5
configure:3378: $? = 0
configure:3385: ./conftest
configure:3389: $? = 0
configure:3404: result: no
configure:3409: checking for suffix of object files
configure:3432: g++ -c   conftest.cpp >&5
configure:3436: $? = 0
configure:3458: result: o
configure:3462: checking whether the compiler supports GNU C++
configure:3482: g++ -c   conftest.cpp >&5
configure:3482: $? = 0
configure:3492: result: yes
configure:3503: checking whether g++ accepts -g
configure:3524: g++ -c -g  conftest.cpp >&5
configure:3524: $? = 0
configure:3568: result: yes
configure:3588: checking for g++ option to enable C++11 features
configure:3603: g++  -c -g -O2  conftest.cpp >&5
conftest.cpp: In function 'int main(int, char**)':
conftest.cpp:175:25: warning: empty parentheses were disambiguated as a function declaration [-Wvexing-parse]
  175 |   cxx11test::delegate d2();
      |                         ^~
conftest.cpp:175:25: note: remove parentheses to default-initialize a variable
  175 |   cxx11test::delegate d2();
      |                         ^~
      |                         --
conftest.cpp:175:25: note: or replace parentheses with braces to value-initialize a variable
configure:3603: $? = 0
configure:3621: result: none needed
configure:3747: checking for gcc
configure:3768: found /run/current-system/sw/bin/gcc
configure:3779: result: gcc
configure:4132: checking for C compiler version
configure:4141: gcc --version >&5
gcc (GCC) 11.3.0
Copyright (C) 2021 Free Software Foundation, Inc.
This is free software; see the source for copying conditions.  There is NO
warranty; not even for MERCHANTABILITY or FITNESS FOR A PARTICULAR PURPOSE.

configure:4152: $? = 0
configure:4141: gcc -v >&5
Using built-in specs.
COLLECT_GCC=/nix/store/qm03mh5x2j4ls0y80y8h3zsyj4hb52w2-gcc-11.3.0/bin/gcc
COLLECT_LTO_WRAPPER=/nix/store/qm03mh5x2j4ls0y80y8h3zsyj4hb52w2-gcc-11.3.0/libexec/gcc/x86_64-unknown-linux-gnu/11.3.0/lto-wrapper
Target: x86_64-unknown-linux-gnu
Configured with: 
Thread model: posix
Supported LTO compression algorithms: zlib
gcc version 11.3.0 (GCC) 
configure:4152: $? = 0
configure:4141: gcc -V >&5
gcc: error: unrecognized command-line option '-V'
gcc: fatal error: no input files
compilation terminated.
configure:4152: $? = 1
configure:4141: gcc -qversion >&5
gcc: error: unrecognized command-line option '-qversion'; did you mean '--version'?
gcc: fatal error: no input files
compilation terminated.
configure:4152: $? = 1
configure:4141: gcc -version >&5
gcc: error: unrecognized command-line option '-version'
gcc: fatal error: no input files
compilation terminated.
configure:4152: $? = 1
configure:4156: checking whether the compiler supports GNU C
configure:4176: gcc -c   conftest.c >&5
configure:4176: $? = 0
configure:4186: result: yes
configure:4197: checking whether gcc accepts -g
configure:4218: gcc -c -g  conftest.c >&5
configure:4218: $? = 0
configure:4262: result: yes
configure:4282: checking for gcc option to enable C11 features
configure:4297: gcc  -c -g -O2  conftest.c >&5
configure:4297: $? = 0
configure:4315: result: none needed
configure:4436: checking whether gcc understands -c and -o together
configure:4459: gcc -c conftest.c -o conftest2.o
configure:4462: $? = 0
configure:4459: gcc -c conftest.c -o conftest2.o
configure:4462: $? = 0
configure:4474: result: yes
configure:4509: checking for a BSD-compatible install
configure:4582: result: /run/current-system/sw/bin/install -c
configure:4593: checking whether build environment is sane
configure:4648: result: yes
configure:4803: checking for a race-free mkdir -p
configure:4847: result: /run/current-system/sw/bin/mkdir -p
configure:4854: checking for gawk
configure:4875: found /run/current-system/sw/bin/gawk
configure:4886: result: gawk
configure:4897: checking whether make sets $(MAKE)
configure:4920: result: yes
configure:4942: checking whether make supports the include directive
configure:4957: make -f confmf.GNU && cat confinc.out
this is the am__doit target
configure:4960: $? = 0
configure:4979: result: yes (GNU style)
configure:5014: checking whether make supports nested variables
configure:5032: result: yes
configure:5113: checking dependency style of gcc
configure:5225: result: gcc3
configure:5242: checking dependency style of g++
configure:5354: result: gcc3
configure:5429: checking for main in -lGL
configure:5449: gcc -o conftest -g -O2   conftest.c -lGL   >&5
/nix/store/lz1bwpdvlywij5ir0fmncgqa83dlpwhn-binutils-2.39/bin/ld: cannot find -lGL: No such file or directory
collect2: error: ld returned 1 exit status
configure:5449: $? = 1
configure: failed program was:
| /* confdefs.h */
| #define PACKAGE_NAME "OpenPraparat"
| #define PACKAGE_TARNAME "openpraparat"
| #define PACKAGE_VERSION "0.1"
| #define PACKAGE_STRING "OpenPraparat 0.1"
| #define PACKAGE_BUGREPORT ""
| #define PACKAGE_URL ""
| #define PACKAGE "openpraparat"
| #define VERSION "0.1"
| /* end confdefs.h.  */
| 
| 
| int
| main (void)
| {
| return main ();
|   ;
|   return 0;
| }
configure:5459: result: no
configure:5470: checking for main in -lGLU
configure:5490: gcc -o conftest -g -O2   conftest.c -lGLU   >&5
/nix/store/lz1bwpdvlywij5ir0fmncgqa83dlpwhn-binutils-2.39/bin/ld: cannot find -lGLU: No such file or directory
collect2: error: ld returned 1 exit status
configure:5490: $? = 1
configure: failed program was:
| /* confdefs.h */
| #define PACKAGE_NAME "OpenPraparat"
| #define PACKAGE_TARNAME "openpraparat"
| #define PACKAGE_VERSION "0.1"
| #define PACKAGE_STRING "OpenPraparat 0.1"
| #define PACKAGE_BUGREPORT ""
| #define PACKAGE_URL ""
| #define PACKAGE "openpraparat"
| #define VERSION "0.1"
| /* end confdefs.h.  */
| 
| 
| int
| main (void)
| {
| return main ();
|   ;
|   return 0;
| }
configure:5500: result: no
configure:5511: checking for main in -lgdi32
configure:5531: gcc -o conftest -g -O2   conftest.c -lgdi32   >&5
/nix/store/lz1bwpdvlywij5ir0fmncgqa83dlpwhn-binutils-2.39/bin/ld: cannot find -lgdi32: No such file or directory
collect2: error: ld returned 1 exit status
configure:5531: $? = 1
configure: failed program was:
| /* confdefs.h */
| #define PACKAGE_NAME "OpenPraparat"
| #define PACKAGE_TARNAME "openpraparat"
| #define PACKAGE_VERSION "0.1"
| #define PACKAGE_STRING "OpenPraparat 0.1"
| #define PACKAGE_BUGREPORT ""
| #define PACKAGE_URL ""
| #define PACKAGE "openpraparat"
| #define VERSION "0.1"
| /* end confdefs.h.  */
| 
| 
| int
| main (void)
| {
| return main ();
|   ;
|   return 0;
| }
configure:5541: result: no
configure:5552: checking for main in -lgfortran
configure:5572: gcc -o conftest -g -O2   conftest.c -lgfortran   >&5
/nix/store/lz1bwpdvlywij5ir0fmncgqa83dlpwhn-binutils-2.39/bin/ld: cannot find -lgfortran: No such file or directory
collect2: error: ld returned 1 exit status
configure:5572: $? = 1
configure: failed program was:
| /* confdefs.h */
| #define PACKAGE_NAME "OpenPraparat"
| #define PACKAGE_TARNAME "openpraparat"
| #define PACKAGE_VERSION "0.1"
| #define PACKAGE_STRING "OpenPraparat 0.1"
| #define PACKAGE_BUGREPORT ""
| #define PACKAGE_URL ""
| #define PACKAGE "openpraparat"
| #define VERSION "0.1"
| /* end confdefs.h.  */
| 
| 
| int
| main (void)
| {
| return main ();
|   ;
|   return 0;
| }
configure:5582: result: no
configure:5593: checking for main in -lglfw
configure:5613: gcc -o conftest -g -O2   conftest.c -lglfw   >&5
/nix/store/lz1bwpdvlywij5ir0fmncgqa83dlpwhn-binutils-2.39/bin/ld: cannot find -lglfw: No such file or directory
collect2: error: ld returned 1 exit status
configure:5613: $? = 1
configure: failed program was:
| /* confdefs.h */
| #define PACKAGE_NAME "OpenPraparat"
| #define PACKAGE_TARNAME "openpraparat"
| #define PACKAGE_VERSION "0.1"
| #define PACKAGE_STRING "OpenPraparat 0.1"
| #define PACKAGE_BUGREPORT ""
| #define PACKAGE_URL ""
| #define PACKAGE "openpraparat"
| #define VERSION "0.1"
| /* end confdefs.h.  */
| 
| 
| int
| main (void)
| {
| return main ();
|   ;
|   return 0;
| }
configure:5623: result: no
configure:5634: checking for main in -lglfw3
configure:5654: gcc -o conftest -g -O2   conftest.c -lglfw3   >&5
/nix/store/lz1bwpdvlywij5ir0fmncgqa83dlpwhn-binutils-2.39/bin/ld: cannot find -lglfw3: No such file or directory
collect2: error: ld returned 1 exit status
configure:5654: $? = 1
configure: failed program was:
| /* confdefs.h */
| #define PACKAGE_NAME "OpenPraparat"
| #define PACKAGE_TARNAME "openpraparat"
| #define PACKAGE_VERSION "0.1"
| #define PACKAGE_STRING "OpenPraparat 0.1"
| #define PACKAGE_BUGREPORT ""
| #define PACKAGE_URL ""
| #define PACKAGE "openpraparat"
| #define VERSION "0.1"
| /* end confdefs.h.  */
| 
| 
| int
| main (void)
| {
| return main ();
|   ;
|   return 0;
| }
configure:5664: result: no
configure:5675: checking for main in -limm32
configure:5695: gcc -o conftest -g -O2   conftest.c -limm32   >&5
/nix/store/lz1bwpdvlywij5ir0fmncgqa83dlpwhn-binutils-2.39/bin/ld: cannot find -limm32: No such file or directory
collect2: error: ld returned 1 exit status
configure:5695: $? = 1
configure: failed program was:
| /* confdefs.h */
| #define PACKAGE_NAME "OpenPraparat"
| #define PACKAGE_TARNAME "openpraparat"
| #define PACKAGE_VERSION "0.1"
| #define PACKAGE_STRING "OpenPraparat 0.1"
| #define PACKAGE_BUGREPORT ""
| #define PACKAGE_URL ""
| #define PACKAGE "openpraparat"
| #define VERSION "0.1"
| /* end confdefs.h.  */
| 
| 
| int
| main (void)
| {
| return main ();
|   ;
|   return 0;
| }
configure:5705: result: no
configure:5716: checking for main in -lopengl32
configure:5736: gcc -o conftest -g -O2   conftest.c -lopengl32   >&5
/nix/store/lz1bwpdvlywij5ir0fmncgqa83dlpwhn-binutils-2.39/bin/ld: cannot find -lopengl32: No such file or directory
collect2: error: ld returned 1 exit status
configure:5736: $? = 1
configure: failed program was:
| /* confdefs.h */
| #define PACKAGE_NAME "OpenPraparat"
| #define PACKAGE_TARNAME "openpraparat"
| #define PACKAGE_VERSION "0.1"
| #define PACKAGE_STRING "OpenPraparat 0.1"
| #define PACKAGE_BUGREPORT ""
| #define PACKAGE_URL ""
| #define PACKAGE "openpraparat"
| #define VERSION "0.1"
| /* end confdefs.h.  */
| 
| 
| int
| main (void)
| {
| return main ();
|   ;
|   return 0;
| }
configure:5746: result: no
configure:5757: checking for main in -lpthread
configure:5777: gcc -o conftest -g -O2   conftest.c -lpthread   >&5
configure:5777: $? = 0
configure:5787: result: yes
configure:5803: checking for stdio.h
configure:5803: gcc -c -g -O2  conftest.c >&5
configure:5803: $? = 0
configure:5803: result: yes
configure:5803: checking for stdlib.h
configure:5803: gcc -c -g -O2  conftest.c >&5
configure:5803: $? = 0
configure:5803: result: yes
configure:5803: checking for string.h
configure:5803: gcc -c -g -O2  conftest.c >&5
configure:5803: $? = 0
configure:5803: result: yes
configure:5803: checking for inttypes.h
configure:5803: gcc -c -g -O2  conftest.c >&5
configure:5803: $? = 0
configure:5803: result: yes
configure:5803: checking for stdint.h
configure:5803: gcc -c -g -O2  conftest.c >&5
configure:5803: $? = 0
configure:5803: result: yes
configure:5803: checking for strings.h
configure:5803: gcc -c -g -O2  conftest.c >&5
configure:5803: $? = 0
configure:5803: result: yes
configure:5803: checking for sys/stat.h
configure:5803: gcc -c -g -O2  conftest.c >&5
configure:5803: $? = 0
configure:5803: result: yes
configure:5803: checking for sys/types.h
configure:5803: gcc -c -g -O2  conftest.c >&5
configure:5803: $? = 0
configure:5803: result: yes
configure:5803: checking for unistd.h
configure:5803: gcc -c -g -O2  conftest.c >&5
configure:5803: $? = 0
configure:5803: result: yes
configure:5828: checking for stdint.h
configure:5828: result: yes
configure:5837: checking for _Bool
configure:5837: gcc -c -g -O2  conftest.c >&5
configure:5837: $? = 0
configure:5837: gcc -c -g -O2  conftest.c >&5
conftest.c: In function 'main':
conftest.c:54:20: error: expected expression before ')' token
   54 | if (sizeof ((_Bool)))
      |                    ^
configure:5837: $? = 1
configure: failed program was:
| /* confdefs.h */
| #define PACKAGE_NAME "OpenPraparat"
| #define PACKAGE_TARNAME "openpraparat"
| #define PACKAGE_VERSION "0.1"
| #define PACKAGE_STRING "OpenPraparat 0.1"
| #define PACKAGE_BUGREPORT ""
| #define PACKAGE_URL ""
| #define PACKAGE "openpraparat"
| #define VERSION "0.1"
| #define HAVE_LIBPTHREAD 1
| #define HAVE_STDIO_H 1
| #define HAVE_STDLIB_H 1
| #define HAVE_STRING_H 1
| #define HAVE_INTTYPES_H 1
| #define HAVE_STDINT_H 1
| #define HAVE_STRINGS_H 1
| #define HAVE_SYS_STAT_H 1
| #define HAVE_SYS_TYPES_H 1
| #define HAVE_UNISTD_H 1
| #define STDC_HEADERS 1
| #define HAVE_STDINT_H 1
| /* end confdefs.h.  */
| #include <stddef.h>
| #ifdef HAVE_STDIO_H
| # include <stdio.h>
| #endif
| #ifdef HAVE_STDLIB_H
| # include <stdlib.h>
| #endif
| #ifdef HAVE_STRING_H
| # include <string.h>
| #endif
| #ifdef HAVE_INTTYPES_H
| # include <inttypes.h>
| #endif
| #ifdef HAVE_STDINT_H
| # include <stdint.h>
| #endif
| #ifdef HAVE_STRINGS_H
| # include <strings.h>
| #endif
| #ifdef HAVE_SYS_TYPES_H
| # include <sys/types.h>
| #endif
| #ifdef HAVE_SYS_STAT_H
| # include <sys/stat.h>
| #endif
| #ifdef HAVE_UNISTD_H
| # include <unistd.h>
| #endif
| int
| main (void)
| {
| if (sizeof ((_Bool)))
| 	    return 0;
|   ;
|   return 0;
| }
configure:5837: result: yes
configure:5846: checking for stdbool.h that conforms to C99
configure:5962: gcc -c -g -O2  conftest.c >&5
configure:5962: $? = 0
configure:5970: result: yes
configure:5978: checking how to run the C preprocessor
configure:6004: gcc -E  conftest.c
configure:6004: $? = 0
configure:6019: gcc -E  conftest.c
conftest.c:24:10: fatal error: ac_nonexistent.h: No such file or directory
   24 | #include <ac_nonexistent.h>
      |          ^~~~~~~~~~~~~~~~~~
compilation terminated.
configure:6019: $? = 1
configure: failed program was:
| /* confdefs.h */
| #define PACKAGE_NAME "OpenPraparat"
| #define PACKAGE_TARNAME "openpraparat"
| #define PACKAGE_VERSION "0.1"
| #define PACKAGE_STRING "OpenPraparat 0.1"
| #define PACKAGE_BUGREPORT ""
| #define PACKAGE_URL ""
| #define PACKAGE "openpraparat"
| #define VERSION "0.1"
| #define HAVE_LIBPTHREAD 1
| #define HAVE_STDIO_H 1
| #define HAVE_STDLIB_H 1
| #define HAVE_STRING_H 1
| #define HAVE_INTTYPES_H 1
| #define HAVE_STDINT_H 1
| #define HAVE_STRINGS_H 1
| #define HAVE_SYS_STAT_H 1
| #define HAVE_SYS_TYPES_H 1
| #define HAVE_UNISTD_H 1
| #define STDC_HEADERS 1
| #define HAVE_STDINT_H 1
| #define HAVE__BOOL 1
| /* end confdefs.h.  */
| #include <ac_nonexistent.h>
configure:6046: result: gcc -E
configure:6060: gcc -E  conftest.c
configure:6060: $? = 0
configure:6075: gcc -E  conftest.c
conftest.c:24:10: fatal error: ac_nonexistent.h: No such file or directory
   24 | #include <ac_nonexistent.h>
      |          ^~~~~~~~~~~~~~~~~~
compilation terminated.
configure:6075: $? = 1
configure: failed program was:
| /* confdefs.h */
| #define PACKAGE_NAME "OpenPraparat"
| #define PACKAGE_TARNAME "openpraparat"
| #define PACKAGE_VERSION "0.1"
| #define PACKAGE_STRING "OpenPraparat 0.1"
| #define PACKAGE_BUGREPORT ""
| #define PACKAGE_URL ""
| #define PACKAGE "openpraparat"
| #define VERSION "0.1"
| #define HAVE_LIBPTHREAD 1
| #define HAVE_STDIO_H 1
| #define HAVE_STDLIB_H 1
| #define HAVE_STRING_H 1
| #define HAVE_INTTYPES_H 1
| #define HAVE_STDINT_H 1
| #define HAVE_STRINGS_H 1
| #define HAVE_SYS_STAT_H 1
| #define HAVE_SYS_TYPES_H 1
| #define HAVE_UNISTD_H 1
| #define STDC_HEADERS 1
| #define HAVE_STDINT_H 1
| #define HAVE__BOOL 1
| /* end confdefs.h.  */
| #include <ac_nonexistent.h>
configure:6106: checking for grep that handles long lines and -e
configure:6170: result: /run/current-system/sw/bin/grep
configure:6175: checking for egrep
configure:6243: result: /run/current-system/sw/bin/grep -E
configure:6248: checking for uid_t in sys/types.h
configure:6269: result: yes
configure:6280: checking for inline
configure:6297: gcc -c -g -O2  conftest.c >&5
configure:6297: $? = 0
configure:6306: result: inline
configure:6324: checking for int32_t
configure:6324: gcc -c -g -O2  conftest.c >&5
configure:6324: $? = 0
configure:6324: gcc -c -g -O2  conftest.c >&5
conftest.c: In function 'main':
conftest.c:57:67: warning: integer overflow in expression of type 'int' results in '-2147483648' [-Woverflow]
   57 |                  < (int32_t) (((((int32_t) 1 << N) << N) - 1) * 2 + 2))];
      |                                                                   ^
conftest.c:56:12: error: storage size of 'test_array' isn't constant
   56 | static int test_array [1 - 2 * !((int32_t) (((((int32_t) 1 << N) << N) - 1) * 2 + 1)
      |            ^~~~~~~~~~
configure:6324: $? = 1
configure: failed program was:
| /* confdefs.h */
| #define PACKAGE_NAME "OpenPraparat"
| #define PACKAGE_TARNAME "openpraparat"
| #define PACKAGE_VERSION "0.1"
| #define PACKAGE_STRING "OpenPraparat 0.1"
| #define PACKAGE_BUGREPORT ""
| #define PACKAGE_URL ""
| #define PACKAGE "openpraparat"
| #define VERSION "0.1"
| #define HAVE_LIBPTHREAD 1
| #define HAVE_STDIO_H 1
| #define HAVE_STDLIB_H 1
| #define HAVE_STRING_H 1
| #define HAVE_INTTYPES_H 1
| #define HAVE_STDINT_H 1
| #define HAVE_STRINGS_H 1
| #define HAVE_SYS_STAT_H 1
| #define HAVE_SYS_TYPES_H 1
| #define HAVE_UNISTD_H 1
| #define STDC_HEADERS 1
| #define HAVE_STDINT_H 1
| #define HAVE__BOOL 1
| /* end confdefs.h.  */
| #include <stddef.h>
| #ifdef HAVE_STDIO_H
| # include <stdio.h>
| #endif
| #ifdef HAVE_STDLIB_H
| # include <stdlib.h>
| #endif
| #ifdef HAVE_STRING_H
| # include <string.h>
| #endif
| #ifdef HAVE_INTTYPES_H
| # include <inttypes.h>
| #endif
| #ifdef HAVE_STDINT_H
| # include <stdint.h>
| #endif
| #ifdef HAVE_STRINGS_H
| # include <strings.h>
| #endif
| #ifdef HAVE_SYS_TYPES_H
| # include <sys/types.h>
| #endif
| #ifdef HAVE_SYS_STAT_H
| # include <sys/stat.h>
| #endif
| #ifdef HAVE_UNISTD_H
| # include <unistd.h>
| #endif
| 	        enum { N = 32 / 2 - 1 };
| int
| main (void)
| {
| static int test_array [1 - 2 * !((int32_t) (((((int32_t) 1 << N) << N) - 1) * 2 + 1)
| 		 < (int32_t) (((((int32_t) 1 << N) << N) - 1) * 2 + 2))];
| test_array [0] = 0;
| return test_array [0];
| 
|   ;
|   return 0;
| }
configure:6324: result: yes
configure:6333: checking for int64_t
configure:6333: gcc -c -g -O2  conftest.c >&5
configure:6333: $? = 0
configure:6333: gcc -c -g -O2  conftest.c >&5
conftest.c: In function 'main':
conftest.c:57:67: warning: integer overflow in expression of type 'long int' results in '-9223372036854775808' [-Woverflow]
   57 |                  < (int64_t) (((((int64_t) 1 << N) << N) - 1) * 2 + 2))];
      |                                                                   ^
conftest.c:56:12: error: storage size of 'test_array' isn't constant
   56 | static int test_array [1 - 2 * !((int64_t) (((((int64_t) 1 << N) << N) - 1) * 2 + 1)
      |            ^~~~~~~~~~
configure:6333: $? = 1
configure: failed program was:
| /* confdefs.h */
| #define PACKAGE_NAME "OpenPraparat"
| #define PACKAGE_TARNAME "openpraparat"
| #define PACKAGE_VERSION "0.1"
| #define PACKAGE_STRING "OpenPraparat 0.1"
| #define PACKAGE_BUGREPORT ""
| #define PACKAGE_URL ""
| #define PACKAGE "openpraparat"
| #define VERSION "0.1"
| #define HAVE_LIBPTHREAD 1
| #define HAVE_STDIO_H 1
| #define HAVE_STDLIB_H 1
| #define HAVE_STRING_H 1
| #define HAVE_INTTYPES_H 1
| #define HAVE_STDINT_H 1
| #define HAVE_STRINGS_H 1
| #define HAVE_SYS_STAT_H 1
| #define HAVE_SYS_TYPES_H 1
| #define HAVE_UNISTD_H 1
| #define STDC_HEADERS 1
| #define HAVE_STDINT_H 1
| #define HAVE__BOOL 1
| /* end confdefs.h.  */
| #include <stddef.h>
| #ifdef HAVE_STDIO_H
| # include <stdio.h>
| #endif
| #ifdef HAVE_STDLIB_H
| # include <stdlib.h>
| #endif
| #ifdef HAVE_STRING_H
| # include <string.h>
| #endif
| #ifdef HAVE_INTTYPES_H
| # include <inttypes.h>
| #endif
| #ifdef HAVE_STDINT_H
| # include <stdint.h>
| #endif
| #ifdef HAVE_STRINGS_H
| # include <strings.h>
| #endif
| #ifdef HAVE_SYS_TYPES_H
| # include <sys/types.h>
| #endif
| #ifdef HAVE_SYS_STAT_H
| # include <sys/stat.h>
| #endif
| #ifdef HAVE_UNISTD_H
| # include <unistd.h>
| #endif
| 	        enum { N = 64 / 2 - 1 };
| int
| main (void)
| {
| static int test_array [1 - 2 * !((int64_t) (((((int64_t) 1 << N) << N) - 1) * 2 + 1)
| 		 < (int64_t) (((((int64_t) 1 << N) << N) - 1) * 2 + 2))];
| test_array [0] = 0;
| return test_array [0];
| 
|   ;
|   return 0;
| }
configure:6333: result: yes
configure:6342: checking for mode_t
configure:6342: gcc -c -g -O2  conftest.c >&5
configure:6342: $? = 0
configure:6342: gcc -c -g -O2  conftest.c >&5
conftest.c: In function 'main':
conftest.c:55:21: error: expected expression before ')' token
   55 | if (sizeof ((mode_t)))
      |                     ^
configure:6342: $? = 1
configure: failed program was:
| /* confdefs.h */
| #define PACKAGE_NAME "OpenPraparat"
| #define PACKAGE_TARNAME "openpraparat"
| #define PACKAGE_VERSION "0.1"
| #define PACKAGE_STRING "OpenPraparat 0.1"
| #define PACKAGE_BUGREPORT ""
| #define PACKAGE_URL ""
| #define PACKAGE "openpraparat"
| #define VERSION "0.1"
| #define HAVE_LIBPTHREAD 1
| #define HAVE_STDIO_H 1
| #define HAVE_STDLIB_H 1
| #define HAVE_STRING_H 1
| #define HAVE_INTTYPES_H 1
| #define HAVE_STDINT_H 1
| #define HAVE_STRINGS_H 1
| #define HAVE_SYS_STAT_H 1
| #define HAVE_SYS_TYPES_H 1
| #define HAVE_UNISTD_H 1
| #define STDC_HEADERS 1
| #define HAVE_STDINT_H 1
| #define HAVE__BOOL 1
| /* end confdefs.h.  */
| #include <stddef.h>
| #ifdef HAVE_STDIO_H
| # include <stdio.h>
| #endif
| #ifdef HAVE_STDLIB_H
| # include <stdlib.h>
| #endif
| #ifdef HAVE_STRING_H
| # include <string.h>
| #endif
| #ifdef HAVE_INTTYPES_H
| # include <inttypes.h>
| #endif
| #ifdef HAVE_STDINT_H
| # include <stdint.h>
| #endif
| #ifdef HAVE_STRINGS_H
| # include <strings.h>
| #endif
| #ifdef HAVE_SYS_TYPES_H
| # include <sys/types.h>
| #endif
| #ifdef HAVE_SYS_STAT_H
| # include <sys/stat.h>
| #endif
| #ifdef HAVE_UNISTD_H
| # include <unistd.h>
| #endif
| int
| main (void)
| {
| if (sizeof ((mode_t)))
| 	    return 0;
|   ;
|   return 0;
| }
configure:6342: result: yes
configure:6352: checking for off_t
configure:6352: gcc -c -g -O2  conftest.c >&5
configure:6352: $? = 0
configure:6352: gcc -c -g -O2  conftest.c >&5
conftest.c: In function 'main':
conftest.c:55:20: error: expected expression before ')' token
   55 | if (sizeof ((off_t)))
      |                    ^
configure:6352: $? = 1
configure: failed program was:
| /* confdefs.h */
| #define PACKAGE_NAME "OpenPraparat"
| #define PACKAGE_TARNAME "openpraparat"
| #define PACKAGE_VERSION "0.1"
| #define PACKAGE_STRING "OpenPraparat 0.1"
| #define PACKAGE_BUGREPORT ""
| #define PACKAGE_URL ""
| #define PACKAGE "openpraparat"
| #define VERSION "0.1"
| #define HAVE_LIBPTHREAD 1
| #define HAVE_STDIO_H 1
| #define HAVE_STDLIB_H 1
| #define HAVE_STRING_H 1
| #define HAVE_INTTYPES_H 1
| #define HAVE_STDINT_H 1
| #define HAVE_STRINGS_H 1
| #define HAVE_SYS_STAT_H 1
| #define HAVE_SYS_TYPES_H 1
| #define HAVE_UNISTD_H 1
| #define STDC_HEADERS 1
| #define HAVE_STDINT_H 1
| #define HAVE__BOOL 1
| /* end confdefs.h.  */
| #include <stddef.h>
| #ifdef HAVE_STDIO_H
| # include <stdio.h>
| #endif
| #ifdef HAVE_STDLIB_H
| # include <stdlib.h>
| #endif
| #ifdef HAVE_STRING_H
| # include <string.h>
| #endif
| #ifdef HAVE_INTTYPES_H
| # include <inttypes.h>
| #endif
| #ifdef HAVE_STDINT_H
| # include <stdint.h>
| #endif
| #ifdef HAVE_STRINGS_H
| # include <strings.h>
| #endif
| #ifdef HAVE_SYS_TYPES_H
| # include <sys/types.h>
| #endif
| #ifdef HAVE_SYS_STAT_H
| # include <sys/stat.h>
| #endif
| #ifdef HAVE_UNISTD_H
| # include <unistd.h>
| #endif
| int
| main (void)
| {
| if (sizeof ((off_t)))
| 	    return 0;
|   ;
|   return 0;
| }
configure:6352: result: yes
configure:6362: checking for size_t
configure:6362: gcc -c -g -O2  conftest.c >&5
configure:6362: $? = 0
configure:6362: gcc -c -g -O2  conftest.c >&5
conftest.c: In function 'main':
conftest.c:55:21: error: expected expression before ')' token
   55 | if (sizeof ((size_t)))
      |                     ^
configure:6362: $? = 1
configure: failed program was:
| /* confdefs.h */
| #define PACKAGE_NAME "OpenPraparat"
| #define PACKAGE_TARNAME "openpraparat"
| #define PACKAGE_VERSION "0.1"
| #define PACKAGE_STRING "OpenPraparat 0.1"
| #define PACKAGE_BUGREPORT ""
| #define PACKAGE_URL ""
| #define PACKAGE "openpraparat"
| #define VERSION "0.1"
| #define HAVE_LIBPTHREAD 1
| #define HAVE_STDIO_H 1
| #define HAVE_STDLIB_H 1
| #define HAVE_STRING_H 1
| #define HAVE_INTTYPES_H 1
| #define HAVE_STDINT_H 1
| #define HAVE_STRINGS_H 1
| #define HAVE_SYS_STAT_H 1
| #define HAVE_SYS_TYPES_H 1
| #define HAVE_UNISTD_H 1
| #define STDC_HEADERS 1
| #define HAVE_STDINT_H 1
| #define HAVE__BOOL 1
| /* end confdefs.h.  */
| #include <stddef.h>
| #ifdef HAVE_STDIO_H
| # include <stdio.h>
| #endif
| #ifdef HAVE_STDLIB_H
| # include <stdlib.h>
| #endif
| #ifdef HAVE_STRING_H
| # include <string.h>
| #endif
| #ifdef HAVE_INTTYPES_H
| # include <inttypes.h>
| #endif
| #ifdef HAVE_STDINT_H
| # include <stdint.h>
| #endif
| #ifdef HAVE_STRINGS_H
| # include <strings.h>
| #endif
| #ifdef HAVE_SYS_TYPES_H
| # include <sys/types.h>
| #endif
| #ifdef HAVE_SYS_STAT_H
| # include <sys/stat.h>
| #endif
| #ifdef HAVE_UNISTD_H
| # include <unistd.h>
| #endif
| int
| main (void)
| {
| if (sizeof ((size_t)))
| 	    return 0;
|   ;
|   return 0;
| }
configure:6362: result: yes
configure:6372: checking for struct stat.st_blksize
configure:6372: gcc -c -g -O2  conftest.c >&5
configure:6372: $? = 0
configure:6372: result: yes
configure:6381: checking for struct stat.st_blocks
configure:6381: gcc -c -g -O2  conftest.c >&5
configure:6381: $? = 0
configure:6381: result: yes
configure:6400: checking for struct stat.st_rdev
configure:6400: gcc -c -g -O2  conftest.c >&5
configure:6400: $? = 0
configure:6400: result: yes
configure:6409: checking for uint16_t
configure:6409: gcc -c -g -O2  conftest.c >&5
configure:6409: $? = 0
configure:6409: result: yes
configure:6419: checking for uint32_t
configure:6419: gcc -c -g -O2  conftest.c >&5
configure:6419: $? = 0
configure:6419: result: yes
configure:6431: checking for uint64_t
configure:6431: gcc -c -g -O2  conftest.c >&5
configure:6431: $? = 0
configure:6431: result: yes
configure:6443: checking for uint8_t
configure:6443: gcc -c -g -O2  conftest.c >&5
configure:6443: $? = 0
configure:6443: result: yes
configure:6455: checking for ptrdiff_t
configure:6455: gcc -c -g -O2  conftest.c >&5
configure:6455: $? = 0
configure:6455: gcc -c -g -O2  conftest.c >&5
conftest.c: In function 'main':
conftest.c:59:24: error: expected expression before ')' token
   59 | if (sizeof ((ptrdiff_t)))
      |                        ^
configure:6455: $? = 1
configure: failed program was:
| /* confdefs.h */
| #define PACKAGE_NAME "OpenPraparat"
| #define PACKAGE_TARNAME "openpraparat"
| #define PACKAGE_VERSION "0.1"
| #define PACKAGE_STRING "OpenPraparat 0.1"
| #define PACKAGE_BUGREPORT ""
| #define PACKAGE_URL ""
| #define PACKAGE "openpraparat"
| #define VERSION "0.1"
| #define HAVE_LIBPTHREAD 1
| #define HAVE_STDIO_H 1
| #define HAVE_STDLIB_H 1
| #define HAVE_STRING_H 1
| #define HAVE_INTTYPES_H 1
| #define HAVE_STDINT_H 1
| #define HAVE_STRINGS_H 1
| #define HAVE_SYS_STAT_H 1
| #define HAVE_SYS_TYPES_H 1
| #define HAVE_UNISTD_H 1
| #define STDC_HEADERS 1
| #define HAVE_STDINT_H 1
| #define HAVE__BOOL 1
| #define HAVE_STRUCT_STAT_ST_BLKSIZE 1
| #define HAVE_STRUCT_STAT_ST_BLOCKS 1
| #define HAVE_ST_BLOCKS 1
| #define HAVE_STRUCT_STAT_ST_RDEV 1
| /* end confdefs.h.  */
| #include <stddef.h>
| #ifdef HAVE_STDIO_H
| # include <stdio.h>
| #endif
| #ifdef HAVE_STDLIB_H
| # include <stdlib.h>
| #endif
| #ifdef HAVE_STRING_H
| # include <string.h>
| #endif
| #ifdef HAVE_INTTYPES_H
| # include <inttypes.h>
| #endif
| #ifdef HAVE_STDINT_H
| # include <stdint.h>
| #endif
| #ifdef HAVE_STRINGS_H
| # include <strings.h>
| #endif
| #ifdef HAVE_SYS_TYPES_H
| # include <sys/types.h>
| #endif
| #ifdef HAVE_SYS_STAT_H
| # include <sys/stat.h>
| #endif
| #ifdef HAVE_UNISTD_H
| # include <unistd.h>
| #endif
| int
| main (void)
| {
| if (sizeof ((ptrdiff_t)))
| 	    return 0;
|   ;
|   return 0;
| }
configure:6455: result: yes
configure:6466: checking for error_at_line
configure:6483: gcc -o conftest -g -O2   conftest.c -lpthread  >&5
configure:6483: $? = 0
configure:6492: result: yes
configure:6503: checking for _LARGEFILE_SOURCE value needed for large files
configure:6523: gcc -o conftest -g -O2   conftest.c -lpthread  >&5
configure:6523: $? = 0
configure:6553: result: no
configure:6578: checking build system type
configure:6593: result: x86_64-pc-linux-gnu
configure:6613: checking host system type
configure:6627: result: x86_64-pc-linux-gnu
configure:6647: checking for GNU libc compatible malloc
configure:6679: gcc -o conftest -g -O2   conftest.c -lpthread  >&5
configure:6679: $? = 0
configure:6679: ./conftest
configure:6679: $? = 0
configure:6690: result: yes
configure:6712: checking for working strcoll
configure:6740: gcc -o conftest -g -O2   conftest.c -lpthread  >&5
configure:6740: $? = 0
configure:6740: ./conftest
configure:6740: $? = 0
configure:6751: result: yes
configure:6759: checking for atexit
configure:6759: gcc -o conftest -g -O2   conftest.c -lpthread  >&5
configure:6759: $? = 0
configure:6759: result: yes
configure:6765: checking for clock_gettime
configure:6765: gcc -o conftest -g -O2   conftest.c -lpthread  >&5
configure:6765: $? = 0
configure:6765: result: yes
configure:6771: checking for floor
configure:6771: gcc -o conftest -g -O2   conftest.c -lpthread  >&5
conftest.c:50:6: warning: conflicting types for built-in function 'floor'; expected 'double(double)' [-Wbuiltin-declaration-mismatch]
   50 | char floor ();
      |      ^~~~~
conftest.c:42:1: note: 'floor' is declared in header '<math.h>'
   41 | #include <limits.h>
   42 | #undef floor
/nix/store/lz1bwpdvlywij5ir0fmncgqa83dlpwhn-binutils-2.39/bin/ld: /tmp/ccdk8LtO.o: in function `main':
/home/nodokaha/OpenPraparat/conftest.c:61: undefined reference to `floor'
collect2: error: ld returned 1 exit status
configure:6771: $? = 1
configure: failed program was:
| /* confdefs.h */
| #define PACKAGE_NAME "OpenPraparat"
| #define PACKAGE_TARNAME "openpraparat"
| #define PACKAGE_VERSION "0.1"
| #define PACKAGE_STRING "OpenPraparat 0.1"
| #define PACKAGE_BUGREPORT ""
| #define PACKAGE_URL ""
| #define PACKAGE "openpraparat"
| #define VERSION "0.1"
| #define HAVE_LIBPTHREAD 1
| #define HAVE_STDIO_H 1
| #define HAVE_STDLIB_H 1
| #define HAVE_STRING_H 1
| #define HAVE_INTTYPES_H 1
| #define HAVE_STDINT_H 1
| #define HAVE_STRINGS_H 1
| #define HAVE_SYS_STAT_H 1
| #define HAVE_SYS_TYPES_H 1
| #define HAVE_UNISTD_H 1
| #define STDC_HEADERS 1
| #define HAVE_STDINT_H 1
| #define HAVE__BOOL 1
| #define HAVE_STRUCT_STAT_ST_BLKSIZE 1
| #define HAVE_STRUCT_STAT_ST_BLOCKS 1
| #define HAVE_ST_BLOCKS 1
| #define HAVE_STRUCT_STAT_ST_RDEV 1
| #define HAVE_PTRDIFF_T 1
| #define HAVE_FSEEKO 1
| #define HAVE_MALLOC 1
| #define HAVE_STRCOLL 1
| #define HAVE_ATEXIT 1
| #define HAVE_CLOCK_GETTIME 1
| /* end confdefs.h.  */
| /* Define floor to an innocuous variant, in case <limits.h> declares floor.
|    For example, HP-UX 11i <limits.h> declares gettimeofday.  */
| #define floor innocuous_floor
| 
| /* System header to define __stub macros and hopefully few prototypes,
|    which can conflict with char floor (); below.  */
| 
| #include <limits.h>
| #undef floor
| 
| /* Override any GCC internal prototype to avoid an error.
|    Use char because int might match the return type of a GCC
|    builtin and then its argument prototype would still apply.  */
| #ifdef __cplusplus
| extern "C"
| #endif
| char floor ();
| /* The GNU C library defines this for functions which it implements
|     to always fail with ENOSYS.  Some functions are actually named
|     something starting with __ and the normal name is an alias.  */
| #if defined __stub_floor || defined __stub___floor
| choke me
| #endif
| 
| int
| main (void)
| {
| return floor ();
|   ;
|   return 0;
| }
configure:6771: result: no
configure:6777: checking for localeconv
configure:6777: gcc -o conftest -g -O2   conftest.c -lpthread  >&5
configure:6777: $? = 0
configure:6777: result: yes
configure:6783: checking for memchr
configure:6783: gcc -o conftest -g -O2   conftest.c -lpthread  >&5
conftest.c:51:6: warning: conflicting types for built-in function 'memchr'; expected 'void *(const void *, int,  long unsigned int)' [-Wbuiltin-declaration-mismatch]
   51 | char memchr ();
      |      ^~~~~~
conftest.c:43:1: note: 'memchr' is declared in header '<string.h>'
   42 | #include <limits.h>
   43 | #undef memchr
configure:6783: $? = 0
configure:6783: result: yes
configure:6789: checking for memmove
configure:6789: gcc -o conftest -g -O2   conftest.c -lpthread  >&5
conftest.c:52:6: warning: conflicting types for built-in function 'memmove'; expected 'void *(void *, const void *, long unsigned int)' [-Wbuiltin-declaration-mismatch]
   52 | char memmove ();
      |      ^~~~~~~
conftest.c:44:1: note: 'memmove' is declared in header '<string.h>'
   43 | #include <limits.h>
   44 | #undef memmove
configure:6789: $? = 0
configure:6789: result: yes
configure:6795: checking for memset
configure:6795: gcc -o conftest -g -O2   conftest.c -lpthread  >&5
conftest.c:53:6: warning: conflicting types for built-in function 'memset'; expected 'void *(void *, int,  long unsigned int)' [-Wbuiltin-declaration-mismatch]
   53 | char memset ();
      |      ^~~~~~
conftest.c:45:1: note: 'memset' is declared in header '<string.h>'
   44 | #include <limits.h>
   45 | #undef memset
configure:6795: $? = 0
configure:6795: result: yes
configure:6801: checking for pow
configure:6801: gcc -o conftest -g -O2   conftest.c -lpthread  >&5
conftest.c:54:6: warning: conflicting types for built-in function 'pow'; expected 'double(double,  double)' [-Wbuiltin-declaration-mismatch]
   54 | char pow ();
      |      ^~~
conftest.c:46:1: note: 'pow' is declared in header '<math.h>'
   45 | #include <limits.h>
   46 | #undef pow
/nix/store/lz1bwpdvlywij5ir0fmncgqa83dlpwhn-binutils-2.39/bin/ld: /tmp/ccXbX1Rf.o: in function `main':
/home/nodokaha/OpenPraparat/conftest.c:65: undefined reference to `pow'
collect2: error: ld returned 1 exit status
configure:6801: $? = 1
configure: failed program was:
| /* confdefs.h */
| #define PACKAGE_NAME "OpenPraparat"
| #define PACKAGE_TARNAME "openpraparat"
| #define PACKAGE_VERSION "0.1"
| #define PACKAGE_STRING "OpenPraparat 0.1"
| #define PACKAGE_BUGREPORT ""
| #define PACKAGE_URL ""
| #define PACKAGE "openpraparat"
| #define VERSION "0.1"
| #define HAVE_LIBPTHREAD 1
| #define HAVE_STDIO_H 1
| #define HAVE_STDLIB_H 1
| #define HAVE_STRING_H 1
| #define HAVE_INTTYPES_H 1
| #define HAVE_STDINT_H 1
| #define HAVE_STRINGS_H 1
| #define HAVE_SYS_STAT_H 1
| #define HAVE_SYS_TYPES_H 1
| #define HAVE_UNISTD_H 1
| #define STDC_HEADERS 1
| #define HAVE_STDINT_H 1
| #define HAVE__BOOL 1
| #define HAVE_STRUCT_STAT_ST_BLKSIZE 1
| #define HAVE_STRUCT_STAT_ST_BLOCKS 1
| #define HAVE_ST_BLOCKS 1
| #define HAVE_STRUCT_STAT_ST_RDEV 1
| #define HAVE_PTRDIFF_T 1
| #define HAVE_FSEEKO 1
| #define HAVE_MALLOC 1
| #define HAVE_STRCOLL 1
| #define HAVE_ATEXIT 1
| #define HAVE_CLOCK_GETTIME 1
| #define HAVE_LOCALECONV 1
| #define HAVE_MEMCHR 1
| #define HAVE_MEMMOVE 1
| #define HAVE_MEMSET 1
| /* end confdefs.h.  */
| /* Define pow to an innocuous variant, in case <limits.h> declares pow.
|    For example, HP-UX 11i <limits.h> declares gettimeofday.  */
| #define pow innocuous_pow
| 
| /* System header to define __stub macros and hopefully few prototypes,
|    which can conflict with char pow (); below.  */
| 
| #include <limits.h>
| #undef pow
| 
| /* Override any GCC internal prototype to avoid an error.
|    Use char because int might match the return type of a GCC
|    builtin and then its argument prototype would still apply.  */
| #ifdef __cplusplus
| extern "C"
| #endif
| char pow ();
| /* The GNU C library defines this for functions which it implements
|     to always fail with ENOSYS.  Some functions are actually named
|     something starting with __ and the normal name is an alias.  */
| #if defined __stub_pow || defined __stub___pow
| choke me
| #endif
| 
| int
| main (void)
| {
| return pow ();
|   ;
|   return 0;
| }
configure:6801: result: no
configure:6807: checking for realpath
configure:6807: gcc -o conftest -g -O2   conftest.c -lpthread  >&5
configure:6807: $? = 0
configure:6807: result: yes
configure:6813: checking for setlocale
configure:6813: gcc -o conftest -g -O2   conftest.c -lpthread  >&5
configure:6813: $? = 0
configure:6813: result: yes
configure:6819: checking for sqrt
configure:6819: gcc -o conftest -g -O2   conftest.c -lpthread  >&5
conftest.c:56:6: warning: conflicting types for built-in function 'sqrt'; expected 'double(double)' [-Wbuiltin-declaration-mismatch]
   56 | char sqrt ();
      |      ^~~~
conftest.c:48:1: note: 'sqrt' is declared in header '<math.h>'
   47 | #include <limits.h>
   48 | #undef sqrt
/nix/store/lz1bwpdvlywij5ir0fmncgqa83dlpwhn-binutils-2.39/bin/ld: /tmp/ccWX7vkr.o: in function `main':
/home/nodokaha/OpenPraparat/conftest.c:67: undefined reference to `sqrt'
collect2: error: ld returned 1 exit status
configure:6819: $? = 1
configure: failed program was:
| /* confdefs.h */
| #define PACKAGE_NAME "OpenPraparat"
| #define PACKAGE_TARNAME "openpraparat"
| #define PACKAGE_VERSION "0.1"
| #define PACKAGE_STRING "OpenPraparat 0.1"
| #define PACKAGE_BUGREPORT ""
| #define PACKAGE_URL ""
| #define PACKAGE "openpraparat"
| #define VERSION "0.1"
| #define HAVE_LIBPTHREAD 1
| #define HAVE_STDIO_H 1
| #define HAVE_STDLIB_H 1
| #define HAVE_STRING_H 1
| #define HAVE_INTTYPES_H 1
| #define HAVE_STDINT_H 1
| #define HAVE_STRINGS_H 1
| #define HAVE_SYS_STAT_H 1
| #define HAVE_SYS_TYPES_H 1
| #define HAVE_UNISTD_H 1
| #define STDC_HEADERS 1
| #define HAVE_STDINT_H 1
| #define HAVE__BOOL 1
| #define HAVE_STRUCT_STAT_ST_BLKSIZE 1
| #define HAVE_STRUCT_STAT_ST_BLOCKS 1
| #define HAVE_ST_BLOCKS 1
| #define HAVE_STRUCT_STAT_ST_RDEV 1
| #define HAVE_PTRDIFF_T 1
| #define HAVE_FSEEKO 1
| #define HAVE_MALLOC 1
| #define HAVE_STRCOLL 1
| #define HAVE_ATEXIT 1
| #define HAVE_CLOCK_GETTIME 1
| #define HAVE_LOCALECONV 1
| #define HAVE_MEMCHR 1
| #define HAVE_MEMMOVE 1
| #define HAVE_MEMSET 1
| #define HAVE_REALPATH 1
| #define HAVE_SETLOCALE 1
| /* end confdefs.h.  */
| /* Define sqrt to an innocuous variant, in case <limits.h> declares sqrt.
|    For example, HP-UX 11i <limits.h> declares gettimeofday.  */
| #define sqrt innocuous_sqrt
| 
| /* System header to define __stub macros and hopefully few prototypes,
|    which can conflict with char sqrt (); below.  */
| 
| #include <limits.h>
| #undef sqrt
| 
| /* Override any GCC internal prototype to avoid an error.
|    Use char because int might match the return type of a GCC
|    builtin and then its argument prototype would still apply.  */
| #ifdef __cplusplus
| extern "C"
| #endif
| char sqrt ();
| /* The GNU C library defines this for functions which it implements
|     to always fail with ENOSYS.  Some functions are actually named
|     something starting with __ and the normal name is an alias.  */
| #if defined __stub_sqrt || defined __stub___sqrt
| choke me
| #endif
| 
| int
| main (void)
| {
| return sqrt ();
|   ;
|   return 0;
| }
configure:6819: result: no
configure:6825: checking for strchr
configure:6825: gcc -o conftest -g -O2   conftest.c -lpthread  >&5
conftest.c:56:6: warning: conflicting types for built-in function 'strchr'; expected 'char *(const char *, int)' [-Wbuiltin-declaration-mismatch]
   56 | char strchr ();
      |      ^~~~~~
conftest.c:48:1: note: 'strchr' is declared in header '<string.h>'
   47 | #include <limits.h>
   48 | #undef strchr
configure:6825: $? = 0
configure:6825: result: yes
configure:6831: checking for strstr
configure:6831: gcc -o conftest -g -O2   conftest.c -lpthread  >&5
conftest.c:57:6: warning: conflicting types for built-in function 'strstr'; expected 'char *(const char *, const char *)' [-Wbuiltin-declaration-mismatch]
   57 | char strstr ();
      |      ^~~~~~
conftest.c:49:1: note: 'strstr' is declared in header '<string.h>'
   48 | #include <limits.h>
   49 | #undef strstr
configure:6831: $? = 0
configure:6831: result: yes
configure:6944: checking that generated files are newer than configure
configure:6950: result: done
configure:6977: creating ./config.status

## ---------------------- ##
## Running config.status. ##
## ---------------------- ##

This file was extended by OpenPraparat config.status 0.1, which was
generated by GNU Autoconf 2.71.  Invocation command line was

  CONFIG_FILES    = 
  CONFIG_HEADERS  = 
  CONFIG_LINKS    = 
  CONFIG_COMMANDS = 
  $ ./config.status 

on nodokaha-nixos

config.status:885: creating Makefile
config.status:885: creating src/Makefile
config.status:885: creating config.h
config.status:1066: config.h is unchanged
config.status:1114: executing depfiles commands
config.status:1191: cd src       && sed -e '/# am--include-marker/d' Makefile         | make -f - am--depfiles
make: Nothing to be done for 'am--depfiles'.
config.status:1196: $? = 0

## ---------------- ##
## Cache variables. ##
## ---------------- ##

ac_cv_build=x86_64-pc-linux-gnu
ac_cv_c_compiler_gnu=yes
ac_cv_c_inline=inline
ac_cv_c_int32_t=yes
ac_cv_c_int64_t=yes
ac_cv_c_uint16_t=yes
ac_cv_c_uint32_t=yes
ac_cv_c_uint64_t=yes
ac_cv_c_uint8_t=yes
ac_cv_cxx_compiler_gnu=yes
ac_cv_env_CCC_set=
ac_cv_env_CCC_value=
ac_cv_env_CC_set=
ac_cv_env_CC_value=
ac_cv_env_CFLAGS_set=
ac_cv_env_CFLAGS_value=
ac_cv_env_CPPFLAGS_set=
ac_cv_env_CPPFLAGS_value=
ac_cv_env_CPP_set=
ac_cv_env_CPP_value=
ac_cv_env_CXXFLAGS_set=
ac_cv_env_CXXFLAGS_value=
ac_cv_env_CXX_set=
ac_cv_env_CXX_value=
ac_cv_env_LDFLAGS_set=
ac_cv_env_LDFLAGS_value=
ac_cv_env_LIBS_set=
ac_cv_env_LIBS_value=
ac_cv_env_build_alias_set=
ac_cv_env_build_alias_value=
ac_cv_env_host_alias_set=
ac_cv_env_host_alias_value=
ac_cv_env_target_alias_set=
ac_cv_env_target_alias_value=
ac_cv_func_atexit=yes
ac_cv_func_clock_gettime=yes
ac_cv_func_floor=no
ac_cv_func_localeconv=yes
ac_cv_func_malloc_0_nonnull=yes
ac_cv_func_memchr=yes
ac_cv_func_memmove=yes
ac_cv_func_memset=yes
ac_cv_func_pow=no
ac_cv_func_realpath=yes
ac_cv_func_setlocale=yes
ac_cv_func_sqrt=no
ac_cv_func_strchr=yes
ac_cv_func_strcoll_works=yes
ac_cv_func_strstr=yes
ac_cv_header_inttypes_h=yes
ac_cv_header_stdbool_h=yes
ac_cv_header_stdint_h=yes
ac_cv_header_stdio_h=yes
ac_cv_header_stdlib_h=yes
ac_cv_header_string_h=yes
ac_cv_header_strings_h=yes
ac_cv_header_sys_stat_h=yes
ac_cv_header_sys_types_h=yes
ac_cv_header_unistd_h=yes
ac_cv_host=x86_64-pc-linux-gnu
ac_cv_lib_GLU_main=no
ac_cv_lib_GL_main=no
ac_cv_lib_error_at_line=yes
ac_cv_lib_gdi32_main=no
ac_cv_lib_gfortran_main=no
ac_cv_lib_glfw3_main=no
ac_cv_lib_glfw_main=no
ac_cv_lib_imm32_main=no
ac_cv_lib_opengl32_main=no
ac_cv_lib_pthread_main=yes
ac_cv_member_struct_stat_st_blksize=yes
ac_cv_member_struct_stat_st_blocks=yes
ac_cv_member_struct_stat_st_rdev=yes
ac_cv_objext=o
ac_cv_path_EGREP='/run/current-system/sw/bin/grep -E'
ac_cv_path_GREP=/run/current-system/sw/bin/grep
ac_cv_path_install='/run/current-system/sw/bin/install -c'
ac_cv_path_mkdir=/run/current-system/sw/bin/mkdir
ac_cv_prog_AWK=gawk
ac_cv_prog_CPP='gcc -E'
ac_cv_prog_ac_ct_CC=gcc
ac_cv_prog_ac_ct_CXX=g++
ac_cv_prog_cc_c11=
ac_cv_prog_cc_g=yes
ac_cv_prog_cc_stdc=
ac_cv_prog_cxx_11=no
ac_cv_prog_cxx_cxx11=
ac_cv_prog_cxx_g=yes
ac_cv_prog_cxx_stdcxx=
ac_cv_prog_make_make_set=yes
ac_cv_sys_largefile_source=no
ac_cv_type__Bool=yes
ac_cv_type_mode_t=yes
ac_cv_type_off_t=yes
ac_cv_type_ptrdiff_t=yes
ac_cv_type_size_t=yes
ac_cv_type_uid_t=yes
am_cv_CC_dependencies_compiler_type=gcc3
am_cv_CXX_dependencies_compiler_type=gcc3
am_cv_make_support_nested_variables=yes
am_cv_prog_cc_c_o=yes

## ----------------- ##
## Output variables. ##
## ----------------- ##

ACLOCAL='${SHELL} '\''/home/nodokaha/OpenPraparat/missing'\'' aclocal-1.16'
AMDEPBACKSLASH='\'
AMDEP_FALSE='#'
AMDEP_TRUE=''
AMTAR='$${TAR-tar}'
AM_BACKSLASH='\'
AM_DEFAULT_V='$(AM_DEFAULT_VERBOSITY)'
AM_DEFAULT_VERBOSITY='1'
AM_V='$(V)'
AUTOCONF='${SHELL} '\''/home/nodokaha/OpenPraparat/missing'\'' autoconf'
AUTOHEADER='${SHELL} '\''/home/nodokaha/OpenPraparat/missing'\'' autoheader'
AUTOMAKE='${SHELL} '\''/home/nodokaha/OpenPraparat/missing'\'' automake-1.16'
AWK='gawk'
CC='gcc'
CCDEPMODE='depmode=gcc3'
CFLAGS='-g -O2'
CPP='gcc -E'
CPPFLAGS=''
CSCOPE='cscope'
CTAGS='ctags'
CXX='g++'
CXXDEPMODE='depmode=gcc3'
CXXFLAGS='-g -O2'
CYGPATH_W='echo'
DEFS='-DHAVE_CONFIG_H'
DEPDIR='.deps'
ECHO_C=''
ECHO_N='-n'
ECHO_T=''
EGREP='/run/current-system/sw/bin/grep -E'
ETAGS='etags'
EXEEXT=''
GREP='/run/current-system/sw/bin/grep'
INSTALL_DATA='${INSTALL} -m 644'
INSTALL_PROGRAM='${INSTALL}'
INSTALL_SCRIPT='${INSTALL}'
INSTALL_STRIP_PROGRAM='$(install_sh) -c -s'
LDFLAGS=''
LIBOBJS=''
LIBS='-lpthread '
LTLIBOBJS=''
MAKEINFO='${SHELL} '\''/home/nodokaha/OpenPraparat/missing'\'' makeinfo'
MKDIR_P='/run/current-system/sw/bin/mkdir -p'
OBJEXT='o'
PACKAGE='openpraparat'
PACKAGE_BUGREPORT=''
PACKAGE_NAME='OpenPraparat'
PACKAGE_STRING='OpenPraparat 0.1'
PACKAGE_TARNAME='openpraparat'
PACKAGE_URL=''
PACKAGE_VERSION='0.1'
PATH_SEPARATOR=':'
SET_MAKE=''
SHELL='/bin/sh'
STRIP=''
VERSION='0.1'
ac_ct_CC='gcc'
ac_ct_CXX='g++'
am__EXEEXT_FALSE=''
am__EXEEXT_TRUE='#'
am__fastdepCC_FALSE='#'
am__fastdepCC_TRUE=''
am__fastdepCXX_FALSE='#'
am__fastdepCXX_TRUE=''
am__include='include'
am__isrc=''
am__leading_dot='.'
am__nodep='_no'
am__quote=''
am__tar='$${TAR-tar} chof - "$$tardir"'
am__untar='$${TAR-tar} xf -'
bindir='${exec_prefix}/bin'
build='x86_64-pc-linux-gnu'
build_alias=''
build_cpu='x86_64'
build_os='linux-gnu'
build_vendor='pc'
datadir='${datarootdir}'
datarootdir='${prefix}/share'
docdir='${datarootdir}/doc/${PACKAGE_TARNAME}'
dvidir='${docdir}'
exec_prefix='${prefix}'
host='x86_64-pc-linux-gnu'
host_alias=''
host_cpu='x86_64'
host_os='linux-gnu'
host_vendor='pc'
htmldir='${docdir}'
includedir='${prefix}/include'
infodir='${datarootdir}/info'
install_sh='${SHELL} /home/nodokaha/OpenPraparat/install-sh'
libdir='${exec_prefix}/lib'
libexecdir='${exec_prefix}/libexec'
localedir='${datarootdir}/locale'
localstatedir='${prefix}/var'
mandir='${datarootdir}/man'
mkdir_p='$(MKDIR_P)'
oldincludedir='/usr/include'
pdfdir='${docdir}'
prefix='/usr/local'
program_transform_name='s,x,x,'
psdir='${docdir}'
runstatedir='${localstatedir}/run'
sbindir='${exec_prefix}/sbin'
sharedstatedir='${prefix}/com'
sysconfdir='${prefix}/etc'
target_alias=''

## ----------- ##
## confdefs.h. ##
## ----------- ##

/* confdefs.h */
#define PACKAGE_NAME "OpenPraparat"
#define PACKAGE_TARNAME "openpraparat"
#define PACKAGE_VERSION "0.1"
#define PACKAGE_STRING "OpenPraparat 0.1"
#define PACKAGE_BUGREPORT ""
#define PACKAGE_URL ""
#define PACKAGE "openpraparat"
#define VERSION "0.1"
#define HAVE_LIBPTHREAD 1
#define HAVE_STDIO_H 1
#define HAVE_STDLIB_H 1
#define HAVE_STRING_H 1
#define HAVE_INTTYPES_H 1
#define HAVE_STDINT_H 1
#define HAVE_STRINGS_H 1
#define HAVE_SYS_STAT_H 1
#define HAVE_SYS_TYPES_H 1
#define HAVE_UNISTD_H 1
#define STDC_HEADERS 1
#define HAVE_STDINT_H 1
#define HAVE__BOOL 1
#define HAVE_STRUCT_STAT_ST_BLKSIZE 1
#define HAVE_STRUCT_STAT_ST_BLOCKS 1
#define HAVE_ST_BLOCKS 1
#define HAVE_STRUCT_STAT_ST_RDEV 1
#define HAVE_PTRDIFF_T 1
#define HAVE_FSEEKO 1
#define HAVE_MALLOC 1
#define HAVE_STRCOLL 1
#define HAVE_ATEXIT 1
#define HAVE_CLOCK_GETTIME 1
#define HAVE_LOCALECONV 1
#define HAVE_MEMCHR 1
#define HAVE_MEMMOVE 1
#define HAVE_MEMSET 1
#define HAVE_REALPATH 1
#define HAVE_SETLOCALE 1
#define HAVE_STRCHR 1
#define HAVE_STRSTR 1

configure: exit 0
